[DEBUG]: Запуск компилятора в режиме отладки
[TRACE]: Начало трассировки выполнения

Анализ файла: D:\Work\ClojureDev\c2\Compiler\c2\compiler\test\c4ast\nested_control_flow.c
Содержимое:
/* Тестовый файл для проверки вложенных структур управления */

int main() {
    int a = 5;
    int b = 10;
    int result = 0;
    
    // Вложенные условные операторы
    if (a < b) {
        if (a > 0) {
            result = 1;
        } else {
            result = 2;
        }
    } else {
        if (b > 0) {
            result = 3;
        } else {
            result = 4;
        }
    }
    
    // Вложенные циклы
    int i = 0;
    int j = 0;
    
    while (i < 3) {
        j = 0;
        while (j < 3) {
            result = result + i * j;
            j = j + 1;
        }
        i = i + 1;
    }
    
    // Условие внутри цикла
    i = 0;
    while (i < 5) {
        if (i % 2 == 0) {
            result = result + 1;
        } else {
            result = result - 1;
        }
        i = i + 1;
    }
    
    return result;
} 

Токены:
[[:comment /* Тестовый файл для проверки вложенных структур управления */] [:keyword int] [:identifier main] [:open-paren (] [:close-paren )] [:open-brace {] [:keyword int] [:identifier a] [:operator =] [:number 5] [:separator ;] [:keyword int] [:identifier b] [:operator =] [:number 10] [:separator ;] [:keyword int] [:identifier result] [:operator =] [:number 0] [:separator ;] [:comment // Вложенные условные операторы] [:keyword if] [:open-paren (] [:identifier a] [:operator <] [:identifier b] [:close-paren )] [:open-brace {] [:keyword if] [:open-paren (] [:identifier a] [:operator >] [:number 0] [:close-paren )] [:open-brace {] [:identifier result] [:operator =] [:number 1] [:separator ;] [:close-brace }] [:keyword else] [:open-brace {] [:identifier result] [:operator =] [:number 2] [:separator ;] [:close-brace }] [:close-brace }] [:keyword else] [:open-brace {] [:keyword if] [:open-paren (] [:identifier b] [:operator >] [:number 0] [:close-paren )] [:open-brace {] [:identifier result] [:operator =] [:number 3] [:separator ;] [:close-brace }] [:keyword else] [:open-brace {] [:identifier result] [:operator =] [:number 4] [:separator ;] [:close-brace }] [:close-brace }] [:comment // Вложенные циклы] [:keyword int] [:identifier i] [:operator =] [:number 0] [:separator ;] [:keyword int] [:identifier j] [:operator =] [:number 0] [:separator ;] [:keyword while] [:open-paren (] [:identifier i] [:operator <] [:number 3] [:close-paren )] [:open-brace {] [:identifier j] [:operator =] [:number 0] [:separator ;] [:keyword while] [:open-paren (] [:identifier j] [:operator <] [:number 3] [:close-paren )] [:open-brace {] [:identifier result] [:operator =] [:identifier result] [:operator +] [:identifier i] [:operator *] [:identifier j] [:separator ;] [:identifier j] [:operator =] [:identifier j] [:operator +] [:number 1] [:separator ;] [:close-brace }] [:identifier i] [:operator =] [:identifier i] [:operator +] [:number 1] [:separator ;] [:close-brace }] [:comment // Условие внутри цикла] [:identifier i] [:operator =] [:number 0] [:separator ;] [:keyword while] [:open-paren (] [:identifier i] [:operator <] [:number 5] [:close-paren )] [:open-brace {] [:keyword if] [:open-paren (] [:identifier i] [:operator %] [:number 2] [:operator ==] [:number 0] [:close-paren )] [:open-brace {] [:identifier result] [:operator =] [:identifier result] [:operator +] [:number 1] [:separator ;] [:close-brace }] [:keyword else] [:open-brace {] [:identifier result] [:operator =] [:identifier result] [:operator -] [:number 1] [:separator ;] [:close-brace }] [:identifier i] [:operator =] [:identifier i] [:operator +] [:number 1] [:separator ;] [:close-brace }] [:keyword return] [:identifier result] [:separator ;] [:close-brace }]]

AST:
Начало парсинга входной строки
Токены после лексического анализа: [[:comment /* Тестовый файл для проверки вложенных структур управления */] [:keyword int] [:identifier main] [:open-paren (] [:close-paren )] [:open-brace {] [:keyword int] [:identifier a] [:operator =] [:number 5] [:separator ;] [:keyword int] [:identifier b] [:operator =] [:number 10] [:separator ;] [:keyword int] [:identifier result] [:operator =] [:number 0] [:separator ;] [:comment // Вложенные условные операторы] [:keyword if] [:open-paren (] [:identifier a] [:operator <] [:identifier b] [:close-paren )] [:open-brace {] [:keyword if] [:open-paren (] [:identifier a] [:operator >] [:number 0] [:close-paren )] [:open-brace {] [:identifier result] [:operator =] [:number 1] [:separator ;] [:close-brace }] [:keyword else] [:open-brace {] [:identifier result] [:operator =] [:number 2] [:separator ;] [:close-brace }] [:close-brace }] [:keyword else] [:open-brace {] [:keyword if] [:open-paren (] [:identifier b] [:operator >] [:number 0] [:close-paren )] [:open-brace {] [:identifier result] [:operator =] [:number 3] [:separator ;] [:close-brace }] [:keyword else] [:open-brace {] [:identifier result] [:operator =] [:number 4] [:separator ;] [:close-brace }] [:close-brace }] [:comment // Вложенные циклы] [:keyword int] [:identifier i] [:operator =] [:number 0] [:separator ;] [:keyword int] [:identifier j] [:operator =] [:number 0] [:separator ;] [:keyword while] [:open-paren (] [:identifier i] [:operator <] [:number 3] [:close-paren )] [:open-brace {] [:identifier j] [:operator =] [:number 0] [:separator ;] [:keyword while] [:open-paren (] [:identifier j] [:operator <] [:number 3] [:close-paren )] [:open-brace {] [:identifier result] [:operator =] [:identifier result] [:operator +] [:identifier i] [:operator *] [:identifier j] [:separator ;] [:identifier j] [:operator =] [:identifier j] [:operator +] [:number 1] [:separator ;] [:close-brace }] [:identifier i] [:operator =] [:identifier i] [:operator +] [:number 1] [:separator ;] [:close-brace }] [:comment // Условие внутри цикла] [:identifier i] [:operator =] [:number 0] [:separator ;] [:keyword while] [:open-paren (] [:identifier i] [:operator <] [:number 5] [:close-paren )] [:open-brace {] [:keyword if] [:open-paren (] [:identifier i] [:operator %] [:number 2] [:operator ==] [:number 0] [:close-paren )] [:open-brace {] [:identifier result] [:operator =] [:identifier result] [:operator +] [:number 1] [:separator ;] [:close-brace }] [:keyword else] [:open-brace {] [:identifier result] [:operator =] [:identifier result] [:operator -] [:number 1] [:separator ;] [:close-brace }] [:identifier i] [:operator =] [:identifier i] [:operator +] [:number 1] [:separator ;] [:close-brace }] [:keyword return] [:identifier result] [:separator ;] [:close-brace }]]
Парсинг выражения. Токены: [[:comment /* Тестовый файл для проверки вложенных структур управления */] [:keyword int] [:identifier main] [:open-paren (] [:close-paren )] [:open-brace {] [:keyword int] [:identifier a] [:operator =] [:number 5] [:separator ;] [:keyword int] [:identifier b] [:operator =] [:number 10] [:separator ;] [:keyword int] [:identifier result] [:operator =] [:number 0] [:separator ;] [:comment // Вложенные условные операторы] [:keyword if] [:open-paren (] [:identifier a] [:operator <] [:identifier b] [:close-paren )] [:open-brace {] [:keyword if] [:open-paren (] [:identifier a] [:operator >] [:number 0] [:close-paren )] [:open-brace {] [:identifier result] [:operator =] [:number 1] [:separator ;] [:close-brace }] [:keyword else] [:open-brace {] [:identifier result] [:operator =] [:number 2] [:separator ;] [:close-brace }] [:close-brace }] [:keyword else] [:open-brace {] [:keyword if] [:open-paren (] [:identifier b] [:operator >] [:number 0] [:close-paren )] [:open-brace {] [:identifier result] [:operator =] [:number 3] [:separator ;] [:close-brace }] [:keyword else] [:open-brace {] [:identifier result] [:operator =] [:number 4] [:separator ;] [:close-brace }] [:close-brace }] [:comment // Вложенные циклы] [:keyword int] [:identifier i] [:operator =] [:number 0] [:separator ;] [:keyword int] [:identifier j] [:operator =] [:number 0] [:separator ;] [:keyword while] [:open-paren (] [:identifier i] [:operator <] [:number 3] [:close-paren )] [:open-brace {] [:identifier j] [:operator =] [:number 0] [:separator ;] [:keyword while] [:open-paren (] [:identifier j] [:operator <] [:number 3] [:close-paren )] [:open-brace {] [:identifier result] [:operator =] [:identifier result] [:operator +] [:identifier i] [:operator *] [:identifier j] [:separator ;] [:identifier j] [:operator =] [:identifier j] [:operator +] [:number 1] [:separator ;] [:close-brace }] [:identifier i] [:operator =] [:identifier i] [:operator +] [:number 1] [:separator ;] [:close-brace }] [:comment // Условие внутри цикла] [:identifier i] [:operator =] [:number 0] [:separator ;] [:keyword while] [:open-paren (] [:identifier i] [:operator <] [:number 5] [:close-paren )] [:open-brace {] [:keyword if] [:open-paren (] [:identifier i] [:operator %] [:number 2] [:operator ==] [:number 0] [:close-paren )] [:open-brace {] [:identifier result] [:operator =] [:identifier result] [:operator +] [:number 1] [:separator ;] [:close-brace }] [:keyword else] [:open-brace {] [:identifier result] [:operator =] [:identifier result] [:operator -] [:number 1] [:separator ;] [:close-brace }] [:identifier i] [:operator =] [:identifier i] [:operator +] [:number 1] [:separator ;] [:close-brace }] [:keyword return] [:identifier result] [:separator ;] [:close-brace }]]
Парсинг терма. Токены: [[:comment /* Тестовый файл для проверки вложенных структур управления */] [:keyword int] [:identifier main] [:open-paren (] [:close-paren )] [:open-brace {] [:keyword int] [:identifier a] [:operator =] [:number 5] [:separator ;] [:keyword int] [:identifier b] [:operator =] [:number 10] [:separator ;] [:keyword int] [:identifier result] [:operator =] [:number 0] [:separator ;] [:comment // Вложенные условные операторы] [:keyword if] [:open-paren (] [:identifier a] [:operator <] [:identifier b] [:close-paren )] [:open-brace {] [:keyword if] [:open-paren (] [:identifier a] [:operator >] [:number 0] [:close-paren )] [:open-brace {] [:identifier result] [:operator =] [:number 1] [:separator ;] [:close-brace }] [:keyword else] [:open-brace {] [:identifier result] [:operator =] [:number 2] [:separator ;] [:close-brace }] [:close-brace }] [:keyword else] [:open-brace {] [:keyword if] [:open-paren (] [:identifier b] [:operator >] [:number 0] [:close-paren )] [:open-brace {] [:identifier result] [:operator =] [:number 3] [:separator ;] [:close-brace }] [:keyword else] [:open-brace {] [:identifier result] [:operator =] [:number 4] [:separator ;] [:close-brace }] [:close-brace }] [:comment // Вложенные циклы] [:keyword int] [:identifier i] [:operator =] [:number 0] [:separator ;] [:keyword int] [:identifier j] [:operator =] [:number 0] [:separator ;] [:keyword while] [:open-paren (] [:identifier i] [:operator <] [:number 3] [:close-paren )] [:open-brace {] [:identifier j] [:operator =] [:number 0] [:separator ;] [:keyword while] [:open-paren (] [:identifier j] [:operator <] [:number 3] [:close-paren )] [:open-brace {] [:identifier result] [:operator =] [:identifier result] [:operator +] [:identifier i] [:operator *] [:identifier j] [:separator ;] [:identifier j] [:operator =] [:identifier j] [:operator +] [:number 1] [:separator ;] [:close-brace }] [:identifier i] [:operator =] [:identifier i] [:operator +] [:number 1] [:separator ;] [:close-brace }] [:comment // Условие внутри цикла] [:identifier i] [:operator =] [:number 0] [:separator ;] [:keyword while] [:open-paren (] [:identifier i] [:operator <] [:number 5] [:close-paren )] [:open-brace {] [:keyword if] [:open-paren (] [:identifier i] [:operator %] [:number 2] [:operator ==] [:number 0] [:close-paren )] [:open-brace {] [:identifier result] [:operator =] [:identifier result] [:operator +] [:number 1] [:separator ;] [:close-brace }] [:keyword else] [:open-brace {] [:identifier result] [:operator =] [:identifier result] [:operator -] [:number 1] [:separator ;] [:close-brace }] [:identifier i] [:operator =] [:identifier i] [:operator +] [:number 1] [:separator ;] [:close-brace }] [:keyword return] [:identifier result] [:separator ;] [:close-brace }]]
Токен не соответствует предикату: [:comment /* Тестовый файл для проверки вложенных структур управления */]
Ошибка при парсинге терма. Токены не соответствуют ни одному паттерну.
Парсинг терма. Токены: [[:comment /* Тестовый файл для проверки вложенных структур управления */] [:keyword int] [:identifier main] [:open-paren (] [:close-paren )] [:open-brace {] [:keyword int] [:identifier a] [:operator =] [:number 5] [:separator ;] [:keyword int] [:identifier b] [:operator =] [:number 10] [:separator ;] [:keyword int] [:identifier result] [:operator =] [:number 0] [:separator ;] [:comment // Вложенные условные операторы] [:keyword if] [:open-paren (] [:identifier a] [:operator <] [:identifier b] [:close-paren )] [:open-brace {] [:keyword if] [:open-paren (] [:identifier a] [:operator >] [:number 0] [:close-paren )] [:open-brace {] [:identifier result] [:operator =] [:number 1] [:separator ;] [:close-brace }] [:keyword else] [:open-brace {] [:identifier result] [:operator =] [:number 2] [:separator ;] [:close-brace }] [:close-brace }] [:keyword else] [:open-brace {] [:keyword if] [:open-paren (] [:identifier b] [:operator >] [:number 0] [:close-paren )] [:open-brace {] [:identifier result] [:operator =] [:number 3] [:separator ;] [:close-brace }] [:keyword else] [:open-brace {] [:identifier result] [:operator =] [:number 4] [:separator ;] [:close-brace }] [:close-brace }] [:comment // Вложенные циклы] [:keyword int] [:identifier i] [:operator =] [:number 0] [:separator ;] [:keyword int] [:identifier j] [:operator =] [:number 0] [:separator ;] [:keyword while] [:open-paren (] [:identifier i] [:operator <] [:number 3] [:close-paren )] [:open-brace {] [:identifier j] [:operator =] [:number 0] [:separator ;] [:keyword while] [:open-paren (] [:identifier j] [:operator <] [:number 3] [:close-paren )] [:open-brace {] [:identifier result] [:operator =] [:identifier result] [:operator +] [:identifier i] [:operator *] [:identifier j] [:separator ;] [:identifier j] [:operator =] [:identifier j] [:operator +] [:number 1] [:separator ;] [:close-brace }] [:identifier i] [:operator =] [:identifier i] [:operator +] [:number 1] [:separator ;] [:close-brace }] [:comment // Условие внутри цикла] [:identifier i] [:operator =] [:number 0] [:separator ;] [:keyword while] [:open-paren (] [:identifier i] [:operator <] [:number 5] [:close-paren )] [:open-brace {] [:keyword if] [:open-paren (] [:identifier i] [:operator %] [:number 2] [:operator ==] [:number 0] [:close-paren )] [:open-brace {] [:identifier result] [:operator =] [:identifier result] [:operator +] [:number 1] [:separator ;] [:close-brace }] [:keyword else] [:open-brace {] [:identifier result] [:operator =] [:identifier result] [:operator -] [:number 1] [:separator ;] [:close-brace }] [:identifier i] [:operator =] [:identifier i] [:operator +] [:number 1] [:separator ;] [:close-brace }] [:keyword return] [:identifier result] [:separator ;] [:close-brace }]]
Токен не соответствует предикату: [:comment /* Тестовый файл для проверки вложенных структур управления */]
Ошибка при парсинге терма. Токены не соответствуют ни одному паттерну.
Ошибка при парсинге выражения. Токены не соответствуют ни одному паттерну.
Парсинг выражения завершен. Оставшиеся токены: nil
Парсинг успешно завершен
Ошибка при построении AST: результат парсинга null
